[2025-10-01T03:02:24.583Z] [INFO] Server running on port 3000
[2025-10-01T03:02:24.583Z] [INFO] Visit http://localhost:3000 to manage the service
[2025-10-01T13:22:40.696Z] [INFO] Server running on port 3000
[2025-10-01T13:22:40.697Z] [INFO] Visit http://localhost:3000 to manage the service
[2025-10-01T13:36:01.585Z] [INFO] [INFO] 🎯 처리할 레코드 발견, 작업 실행 중...
[2025-10-01T13:36:01.588Z] [INFO] 🎯 처리할 레코드 발견, 작업 실행 중...
[2025-10-01T13:36:01.589Z] [INFO] [INFO] 🚀 건축물 정보 수집 작업 시작...
[2025-10-01T13:36:01.590Z] [INFO] 🚀 건축물 정보 수집 작업 시작...
[2025-10-01T13:36:02.397Z] [INFO] [INFO] 📋 뷰에서 1개 건축물 레코드 발견
[2025-10-01T13:36:02.397Z] [INFO] 📋 뷰에서 1개 건축물 레코드 발견
[2025-10-01T13:36:02.397Z] [INFO] [INFO] 
📍 [1/1] 건축물 레코드 처리 중: recfpW2F6d4cz2E06
[2025-10-01T13:36:02.397Z] [INFO] 
📍 [1/1] 건축물 레코드 처리 중: recfpW2F6d4cz2E06
[2025-10-01T13:36:02.399Z] [INFO] [INFO] 🏗️ 건축물 레코드 처리 시작 (시도 1/5): recfpW2F6d4cz2E06 - 관악구 신림동 485-5
[2025-10-01T13:36:02.399Z] [INFO] 🏗️ 건축물 레코드 처리 시작 (시도 1/5): recfpW2F6d4cz2E06 - 관악구 신림동 485-5
[2025-10-01T13:36:02.400Z] [INFO] 주소 데이터로 건축물 코드 조회 요청: {"시군구":"관악구","법정동":"신림동","번":"0485","지":"0005","id":"recfpW2F6d4cz2E06"}
[2025-10-01T13:36:07.899Z] [INFO] Google 스크립트 API 응답: [{"시군구":"관악구","법정동":"신림동","번":"0485","지":"0005","시군구코드":11620,"법정동코드":10200}]
[2025-10-01T13:36:07.931Z] [ERROR] [ERROR] Error fetching building data from public API: Hostname/IP does not match certificate's altnames: Host: apis.data.go.kr. is not cert's CN: 27.101.208.130
[2025-10-01T13:36:07.931Z] [ERROR] Error fetching building data from public API: Hostname/IP does not match certificate's altnames: Host: apis.data.go.kr. is not cert's CN: 27.101.208.130
[2025-10-01T13:36:07.931Z] [ERROR] [ERROR] ❌ 건축물 API 응답 없음: recfpW2F6d4cz2E06
[2025-10-01T13:36:07.931Z] [ERROR] ❌ 건축물 API 응답 없음: recfpW2F6d4cz2E06
[2025-10-01T13:36:07.932Z] [INFO] [INFO] 재시도 기록: recfpW2F6d4cz2E06 - 시도 1/5
[2025-10-01T13:36:07.932Z] [INFO] 재시도 기록: recfpW2F6d4cz2E06 - 시도 1/5
[2025-10-01T13:36:07.932Z] [INFO] [INFO] 
🎉 건축물 작업 완료!
[2025-10-01T13:36:07.932Z] [INFO] 
🎉 건축물 작업 완료!
[2025-10-01T13:36:07.932Z] [INFO] [INFO] 📊 처리 결과: 1개 중 0개 성공, 1개 실패, 0개 건너뜀
[2025-10-01T13:36:07.932Z] [INFO] 📊 처리 결과: 1개 중 0개 성공, 1개 실패, 0개 건너뜀
[2025-10-01T13:36:07.932Z] [INFO] [INFO] 📈 성공률: 0.0%
[2025-10-01T13:36:07.932Z] [INFO] 📈 성공률: 0.0%
[2025-10-01T13:36:07.932Z] [INFO] [INFO] 🚀 토지 정보 수집 작업 시작...
[2025-10-01T13:36:07.932Z] [INFO] 🚀 토지 정보 수집 작업 시작...
[2025-10-01T13:36:08.586Z] [INFO] [INFO] 📋 뷰에서 1개 토지 레코드 발견
[2025-10-01T13:36:08.586Z] [INFO] 📋 뷰에서 1개 토지 레코드 발견
[2025-10-01T13:36:08.586Z] [INFO] [INFO] 
📍 [1/1] 토지 레코드 처리 중: recfpW2F6d4cz2E06
[2025-10-01T13:36:08.586Z] [INFO] 
📍 [1/1] 토지 레코드 처리 중: recfpW2F6d4cz2E06
[2025-10-01T13:36:08.586Z] [INFO] [INFO] 🌍 토지 레코드 처리 시작 (시도 2/5): recfpW2F6d4cz2E06 - 관악구 신림동 485-5
[2025-10-01T13:36:08.586Z] [INFO] 🌍 토지 레코드 처리 시작 (시도 2/5): recfpW2F6d4cz2E06 - 관악구 신림동 485-5
[2025-10-01T13:36:08.587Z] [INFO] 주소 데이터로 건축물 코드 조회 요청: {"시군구":"관악구","법정동":"신림동","번":"0485","지":"0005","id":"recfpW2F6d4cz2E06"}
[2025-10-01T13:36:15.799Z] [INFO] Google 스크립트 API 응답: [{"시군구":"관악구","법정동":"신림동","번":"0485","지":"0005","시군구코드":11620,"법정동코드":10200}]
[2025-10-01T13:36:15.799Z] [INFO] VWorld API로 토지 정보 조회 요청 - PNU: 1162010200104850005
[2025-10-01T13:36:15.801Z] [INFO] VWorld API 요청 (2024년): http://api.vworld.kr/ned/data/getLandCharacteristics?key=F76DB7F2-E8D8-313C-8B7D-158533CA0425&domain=localhost&pnu=1162010200104850005&stdrYear=2024&format=xml&numOfRows=10&pageNo=1
[2025-10-01T13:36:15.829Z] [INFO] VWorld API XML 응답 (2024년): <response><numOfRows>10</numOfRows><pageNo>1</pageNo><totalCount>2</totalCount><fields><field><pnu>1162010200104850005</pnu><ldCode>1162010200</ldCode><ldCodeNm>서울특별시 관악구 신림동</ldCodeNm><regstrSeCode>1</regstrSeCode><regstrSeCodeNm>일반</regstrSeCodeNm><mnnmSlno>485-5</mnnmSlno><ladSn>26657</ladSn><stdrYear>2024</stdrYear><stdrMt>01</stdrMt><lndcgrCode>08</lndcgrCode><lndcgrCodeNm>대</lndcgrCodeNm><lndpclAr>182</lndpclAr><prposArea1>14</prposArea1><prposArea1Nm>제2종일반주거지역</prposArea1Nm><prposArea2>00</prposArea2><prposArea2Nm>지정되지않음</prposArea2Nm><ladUseSittn>160</ladUseSittn><ladUseSittnNm>주거기타</ladUseSittnNm><tpgrphHgCode>02</tpgrphHgCode><tpgrphHgCodeNm>평지</tpgrphHgCodeNm><tpgrphFrmCode>02</tpgrphFrmCode><tpgrphFrmCodeNm>가장형</tpgrphFrmCodeNm><roadSideCode>08</roadSideCode><roadSideCodeNm>세로(가)</roadSideCodeNm><pblntfPclnd>4101000</pblntfPclnd><lastUpdtDt>2024-07-30</lastUpdtDt></field><field><pnu>1162010200104850005</pnu><ldCode>1162010200</ldCode><ldCodeNm>서울특별시 관악구 신림동</ldCodeNm><regstrSeCode>1</regstrSeCode><regstrSeCodeNm>일반</regstrSeCodeNm><mnnmSlno>485-5</mnnmSlno><ladSn>26657</ladSn><stdrYear>2024</stdrYear><stdrMt>01</stdrMt><lndcgrCode>08</lndcgrCode><lndcgrCodeNm>대</lndcgrCodeNm><lndpclAr>182</lndpclAr><prposArea1>14</prposArea1><prposArea1Nm>제2종일반주거지역</prposArea1Nm><prposArea2>00</prposArea2><prposArea2Nm>지정되지않음</prposArea2Nm><ladUseSittn>160</ladUseSittn><ladUseSittnNm>주거기타</ladUseSittnNm><tpgrphHgCode>02</tpgrphHgCode><tpgrphHgCodeNm>평지</tpgrphHgCodeNm><tpgrphFrmCode>02</tpgrphFrmCode><tpgrphFrmCodeNm>가로장방</tpgrphFrmCodeNm><roadSideCode>08</roadSideCode><roadSideCodeNm>세로한면(가)</roadSideCodeNm><pblntfPclnd>4101000</pblntfPclnd><lastUpdtDt>2025-01-16</lastUpdtDt></field></fields></response>
[2025-10-01T13:36:15.837Z] [INFO] 변환된 JSON 데이터: {
  "response": {
    "numOfRows": {
      "_text": "10"
    },
    "pageNo": {
      "_text": "1"
    },
    "totalCount": {
      "_text": "2"
    },
    "fields": {
      "field": [
        {
          "pnu": {
            "_text": "1162010200104850005"
          },
          "ldCode": {
            "_text": "1162010200"
          },
          "ldCodeNm": {
            "_text": "서울특별시 관악구 신림동"
          },
          "regstrSeCode": {
            "_text": "1"
          },
          "regstrSeCodeNm": {
            "_text": "일반"
          },
          "mnnmSlno": {
            "_text": "485-5"
          },
          "ladSn": {
            "_text": "26657"
          },
          "stdrYear": {
            "_text": "2024"
          },
          "stdrMt": {
            "_text": "01"
          },
          "lndcgrCode": {
            "_text": "08"
          },
          "lndcgrCodeNm": {
            "_text": "대"
          },
          "lndpclAr": {
            "_text": "182"
          },
          "prposArea1": {
            "_text": "14"
          },
          "prposArea1Nm": {
            "_text": "제2종일반주거지역"
          },
          "prposArea2": {
            "_text": "00"
          },
          "prposArea2Nm": {
            "_text": "지정되지않음"
          },
          "ladUseSittn": {
            "_text": "160"
          },
          "ladUseSittnNm": {
            "_text": "주거기타"
          },
          "tpgrphHgCode": {
            "_text": "02"
          },
          "tpgrphHgCodeNm": {
            "_text": "평지"
          },
          "tpgrphFrmCode": {
            "_text": "02"
          },
          "tpgrphFrmCodeNm": {
            "_text": "가장형"
          },
          "roadSideCode": {
            "_text": "08"
          },
          "roadSideCodeNm": {
            "_text": "세로(가)"
          },
          "pblntfPclnd": {
            "_text": "4101000"
          },
          "lastUpdtDt": {
            "_text": "2024-07-30"
          }
        },
        {
          "pnu": {
            "_text": "1162010200104850005"
          },
          "ldCode": {
            "_text": "1162010200"
          },
          "ldCodeNm": {
            "_text": "서울특별시 관악구 신림동"
          },
          "regstrSeCode": {
            "_text": "1"
          },
          "regstrSeCodeNm": {
            "_text": "일반"
          },
          "mnnmSlno": {
            "_text": "485-5"
          },
          "ladSn": {
            "_text": "26657"
          },
          "stdrYear": {
            "_text": "2024"
          },
          "stdrMt": {
            "_text": "01"
          },
          "lndcgrCode": {
            "_text": "08"
          },
          "lndcgrCodeNm": {
            "_text": "대"
          },
          "lndpclAr": {
            "_text": "182"
          },
          "prposArea1": {
            "_text": "14"
          },
          "prposArea1Nm": {
            "_text": "제2종일반주거지역"
          },
          "prposArea2": {
            "_text": "00"
          },
          "prposArea2Nm": {
            "_text": "지정되지않음"
          },
          "ladUseSittn": {
            "_text": "160"
          },
          "ladUseSittnNm": {
            "_text": "주거기타"
          },
          "tpgrphHgCode": {
            "_text": "02"
          },
          "tpgrphHgCodeNm": {
            "_text": "평지"
          },
          "tpgrphFrmCode": {
            "_text": "02"
          },
          "tpgrphFrmCodeNm": {
            "_text": "가로장방"
          },
          "roadSideCode": {
            "_text": "08"
          },
          "roadSideCodeNm": {
            "_text": "세로한면(가)"
          },
          "pblntfPclnd": {
            "_text": "4101000"
          },
          "lastUpdtDt": {
            "_text": "2025-01-16"
          }
        }
      ]
    }
  }
}
[2025-10-01T13:36:15.837Z] [INFO] 2024년 데이터 발견! (총 2건)
[2025-10-01T13:36:15.837Z] [INFO] VWorld API 응답 데이터 추출 시작
[2025-10-01T13:36:15.837Z] [INFO] 추출된 토지 데이터: {
  "pnu": {
    "_text": "1162010200104850005"
  },
  "ldCode": {
    "_text": "1162010200"
  },
  "ldCodeNm": {
    "_text": "서울특별시 관악구 신림동"
  },
  "regstrSeCode": {
    "_text": "1"
  },
  "regstrSeCodeNm": {
    "_text": "일반"
  },
  "mnnmSlno": {
    "_text": "485-5"
  },
  "ladSn": {
    "_text": "26657"
  },
  "stdrYear": {
    "_text": "2024"
  },
  "stdrMt": {
    "_text": "01"
  },
  "lndcgrCode": {
    "_text": "08"
  },
  "lndcgrCodeNm": {
    "_text": "대"
  },
  "lndpclAr": {
    "_text": "182"
  },
  "prposArea1": {
    "_text": "14"
  },
  "prposArea1Nm": {
    "_text": "제2종일반주거지역"
  },
  "prposArea2": {
    "_text": "00"
  },
  "prposArea2Nm": {
    "_text": "지정되지않음"
  },
  "ladUseSittn": {
    "_text": "160"
  },
  "ladUseSittnNm": {
    "_text": "주거기타"
  },
  "tpgrphHgCode": {
    "_text": "02"
  },
  "tpgrphHgCodeNm": {
    "_text": "평지"
  },
  "tpgrphFrmCode": {
    "_text": "02"
  },
  "tpgrphFrmCodeNm": {
    "_text": "가로장방"
  },
  "roadSideCode": {
    "_text": "08"
  },
  "roadSideCodeNm": {
    "_text": "세로한면(가)"
  },
  "pblntfPclnd": {
    "_text": "4101000"
  },
  "lastUpdtDt": {
    "_text": "2025-01-16"
  }
}
[2025-10-01T13:36:15.837Z] [INFO] _text 속성 제거 후 데이터: {
  "pnu": "1162010200104850005",
  "ldCode": "1162010200",
  "ldCodeNm": "서울특별시 관악구 신림동",
  "regstrSeCode": "1",
  "regstrSeCodeNm": "일반",
  "mnnmSlno": "485-5",
  "ladSn": "26657",
  "stdrYear": "2024",
  "stdrMt": "01",
  "lndcgrCode": "08",
  "lndcgrCodeNm": "대",
  "lndpclAr": "182",
  "prposArea1": "14",
  "prposArea1Nm": "제2종일반주거지역",
  "prposArea2": "00",
  "prposArea2Nm": "지정되지않음",
  "ladUseSittn": "160",
  "ladUseSittnNm": "주거기타",
  "tpgrphHgCode": "02",
  "tpgrphHgCodeNm": "평지",
  "tpgrphFrmCode": "02",
  "tpgrphFrmCodeNm": "가로장방",
  "roadSideCode": "08",
  "roadSideCodeNm": "세로한면(가)",
  "pblntfPclnd": "4101000",
  "lastUpdtDt": "2025-01-16"
}
[2025-10-01T13:36:15.838Z] [INFO] 토지 데이터 가공 시작: {
  "pnu": "1162010200104850005",
  "ldCode": "1162010200",
  "ldCodeNm": "서울특별시 관악구 신림동",
  "regstrSeCode": "1",
  "regstrSeCodeNm": "일반",
  "mnnmSlno": "485-5",
  "ladSn": "26657",
  "stdrYear": "2024",
  "stdrMt": "01",
  "lndcgrCode": "08",
  "lndcgrCodeNm": "대",
  "lndpclAr": "182",
  "prposArea1": "14",
  "prposArea1Nm": "제2종일반주거지역",
  "prposArea2": "00",
  "prposArea2Nm": "지정되지않음",
  "ladUseSittn": "160",
  "ladUseSittnNm": "주거기타",
  "tpgrphHgCode": "02",
  "tpgrphHgCodeNm": "평지",
  "tpgrphFrmCode": "02",
  "tpgrphFrmCodeNm": "가로장방",
  "roadSideCode": "08",
  "roadSideCodeNm": "세로한면(가)",
  "pblntfPclnd": "4101000",
  "lastUpdtDt": "2025-01-16"
}
[2025-10-01T13:36:15.838Z] [INFO] 가공된 토지 데이터: {
  "지번 주소": "관악구 신림동 485-5",
  "토지면적(㎡)": 182,
  "용도지역": "제2종일반주거지역",
  "공시지가(원/㎡)": 4101000,
  "토지정보업데이트": "2025-01-16T00:00:00.000Z"
}
[2025-10-01T13:36:15.838Z] [INFO] 업데이트할 토지 데이터 (레코드 recfpW2F6d4cz2E06): {
  "토지면적(㎡)": 182,
  "공시지가(원/㎡)": 4101000,
  "용도지역": "제2종일반주거지역"
}
[2025-10-01T13:36:16.610Z] [INFO] Updated Airtable land record recfpW2F6d4cz2E06
[2025-10-01T13:36:16.610Z] [INFO] [INFO] ✅ 레코드 성공, 재시도 이력 삭제: recfpW2F6d4cz2E06
[2025-10-01T13:36:16.610Z] [INFO] ✅ 레코드 성공, 재시도 이력 삭제: recfpW2F6d4cz2E06
[2025-10-01T13:36:16.610Z] [INFO] [INFO] ✅ 토지 레코드 처리 성공: recfpW2F6d4cz2E06
[2025-10-01T13:36:16.610Z] [INFO] ✅ 토지 레코드 처리 성공: recfpW2F6d4cz2E06
[2025-10-01T13:36:16.610Z] [INFO] [INFO] 
🎉 토지 작업 완료!
[2025-10-01T13:36:16.610Z] [INFO] 
🎉 토지 작업 완료!
[2025-10-01T13:36:16.610Z] [INFO] [INFO] 📊 처리 결과: 1개 중 1개 성공, 0개 실패, 0개 건너뜀
[2025-10-01T13:36:16.611Z] [INFO] 📊 처리 결과: 1개 중 1개 성공, 0개 실패, 0개 건너뜀
[2025-10-01T13:36:16.611Z] [INFO] [INFO] 📈 성공률: 100.0%
[2025-10-01T13:36:16.611Z] [INFO] 📈 성공률: 100.0%
[2025-10-01T13:40:01.972Z] [INFO] [INFO] 🎯 처리할 레코드 발견, 작업 실행 중...
[2025-10-01T13:40:01.972Z] [INFO] 🎯 처리할 레코드 발견, 작업 실행 중...
[2025-10-01T13:40:01.973Z] [INFO] [INFO] 🚀 건축물 정보 수집 작업 시작...
[2025-10-01T13:40:01.973Z] [INFO] 🚀 건축물 정보 수집 작업 시작...
[2025-10-01T13:40:02.779Z] [INFO] [INFO] 📋 뷰에서 1개 건축물 레코드 발견
[2025-10-01T13:40:02.780Z] [INFO] 📋 뷰에서 1개 건축물 레코드 발견
[2025-10-01T13:40:02.780Z] [INFO] [INFO] 
📍 [1/1] 건축물 레코드 처리 중: recfpW2F6d4cz2E06
[2025-10-01T13:40:02.780Z] [INFO] 
📍 [1/1] 건축물 레코드 처리 중: recfpW2F6d4cz2E06
[2025-10-01T13:40:02.780Z] [INFO] [INFO] 🏗️ 건축물 레코드 처리 시작 (시도 1/5): recfpW2F6d4cz2E06 - 관악구 신림동 485-5
[2025-10-01T13:40:02.780Z] [INFO] 🏗️ 건축물 레코드 처리 시작 (시도 1/5): recfpW2F6d4cz2E06 - 관악구 신림동 485-5
[2025-10-01T13:40:02.780Z] [INFO] 주소 데이터로 건축물 코드 조회 요청: {"시군구":"관악구","법정동":"신림동","번":"0485","지":"0005","id":"recfpW2F6d4cz2E06"}
[2025-10-01T13:40:08.928Z] [INFO] Google 스크립트 API 응답: [{"시군구":"관악구","법정동":"신림동","번":"0485","지":"0005","시군구코드":11620,"법정동코드":10200}]
[2025-10-01T13:40:08.977Z] [ERROR] [ERROR] Error fetching building data from public API: Hostname/IP does not match certificate's altnames: Host: apis.data.go.kr. is not cert's CN: 27.101.208.130
[2025-10-01T13:40:08.977Z] [ERROR] Error fetching building data from public API: Hostname/IP does not match certificate's altnames: Host: apis.data.go.kr. is not cert's CN: 27.101.208.130
[2025-10-01T13:40:08.977Z] [ERROR] [ERROR] ❌ 건축물 API 응답 없음: recfpW2F6d4cz2E06
[2025-10-01T13:40:08.977Z] [ERROR] ❌ 건축물 API 응답 없음: recfpW2F6d4cz2E06
[2025-10-01T13:40:08.978Z] [INFO] [INFO] 재시도 기록: recfpW2F6d4cz2E06 - 시도 1/5
[2025-10-01T13:40:08.978Z] [INFO] 재시도 기록: recfpW2F6d4cz2E06 - 시도 1/5
[2025-10-01T13:40:08.978Z] [INFO] [INFO] 
🎉 건축물 작업 완료!
[2025-10-01T13:40:08.978Z] [INFO] 
🎉 건축물 작업 완료!
[2025-10-01T13:40:08.978Z] [INFO] [INFO] 📊 처리 결과: 1개 중 0개 성공, 1개 실패, 0개 건너뜀
[2025-10-01T13:40:08.978Z] [INFO] 📊 처리 결과: 1개 중 0개 성공, 1개 실패, 0개 건너뜀
[2025-10-01T13:40:08.978Z] [INFO] [INFO] 📈 성공률: 0.0%
[2025-10-01T13:40:08.978Z] [INFO] 📈 성공률: 0.0%
[2025-10-01T13:40:08.978Z] [INFO] [INFO] 🚀 토지 정보 수집 작업 시작...
[2025-10-01T13:40:08.978Z] [INFO] 🚀 토지 정보 수집 작업 시작...
[2025-10-01T13:40:09.637Z] [INFO] [INFO] 📋 뷰에서 1개 토지 레코드 발견
[2025-10-01T13:40:09.637Z] [INFO] 📋 뷰에서 1개 토지 레코드 발견
[2025-10-01T13:40:09.637Z] [INFO] [INFO] 
📍 [1/1] 토지 레코드 처리 중: recfpW2F6d4cz2E06
[2025-10-01T13:40:09.637Z] [INFO] 
📍 [1/1] 토지 레코드 처리 중: recfpW2F6d4cz2E06
[2025-10-01T13:40:09.637Z] [INFO] [INFO] 🌍 토지 레코드 처리 시작 (시도 2/5): recfpW2F6d4cz2E06 - 관악구 신림동 485-5
[2025-10-01T13:40:09.637Z] [INFO] 🌍 토지 레코드 처리 시작 (시도 2/5): recfpW2F6d4cz2E06 - 관악구 신림동 485-5
[2025-10-01T13:40:09.637Z] [INFO] 주소 데이터로 건축물 코드 조회 요청: {"시군구":"관악구","법정동":"신림동","번":"0485","지":"0005","id":"recfpW2F6d4cz2E06"}
[2025-10-01T13:40:16.160Z] [INFO] Google 스크립트 API 응답: [{"시군구":"관악구","법정동":"신림동","번":"0485","지":"0005","시군구코드":11620,"법정동코드":10200}]
[2025-10-01T13:40:16.160Z] [INFO] VWorld API로 토지 정보 조회 요청 - PNU: 1162010200104850005
[2025-10-01T13:40:16.160Z] [INFO] VWorld API 요청 (2024년): http://api.vworld.kr/ned/data/getLandCharacteristics?key=F76DB7F2-E8D8-313C-8B7D-158533CA0425&domain=localhost&pnu=1162010200104850005&stdrYear=2024&format=xml&numOfRows=10&pageNo=1
[2025-10-01T13:40:16.190Z] [INFO] VWorld API XML 응답 (2024년): <response><numOfRows>10</numOfRows><pageNo>1</pageNo><totalCount>2</totalCount><fields><field><pnu>1162010200104850005</pnu><ldCode>1162010200</ldCode><ldCodeNm>서울특별시 관악구 신림동</ldCodeNm><regstrSeCode>1</regstrSeCode><regstrSeCodeNm>일반</regstrSeCodeNm><mnnmSlno>485-5</mnnmSlno><ladSn>26657</ladSn><stdrYear>2024</stdrYear><stdrMt>01</stdrMt><lndcgrCode>08</lndcgrCode><lndcgrCodeNm>대</lndcgrCodeNm><lndpclAr>182</lndpclAr><prposArea1>14</prposArea1><prposArea1Nm>제2종일반주거지역</prposArea1Nm><prposArea2>00</prposArea2><prposArea2Nm>지정되지않음</prposArea2Nm><ladUseSittn>160</ladUseSittn><ladUseSittnNm>주거기타</ladUseSittnNm><tpgrphHgCode>02</tpgrphHgCode><tpgrphHgCodeNm>평지</tpgrphHgCodeNm><tpgrphFrmCode>02</tpgrphFrmCode><tpgrphFrmCodeNm>가장형</tpgrphFrmCodeNm><roadSideCode>08</roadSideCode><roadSideCodeNm>세로(가)</roadSideCodeNm><pblntfPclnd>4101000</pblntfPclnd><lastUpdtDt>2024-07-30</lastUpdtDt></field><field><pnu>1162010200104850005</pnu><ldCode>1162010200</ldCode><ldCodeNm>서울특별시 관악구 신림동</ldCodeNm><regstrSeCode>1</regstrSeCode><regstrSeCodeNm>일반</regstrSeCodeNm><mnnmSlno>485-5</mnnmSlno><ladSn>26657</ladSn><stdrYear>2024</stdrYear><stdrMt>01</stdrMt><lndcgrCode>08</lndcgrCode><lndcgrCodeNm>대</lndcgrCodeNm><lndpclAr>182</lndpclAr><prposArea1>14</prposArea1><prposArea1Nm>제2종일반주거지역</prposArea1Nm><prposArea2>00</prposArea2><prposArea2Nm>지정되지않음</prposArea2Nm><ladUseSittn>160</ladUseSittn><ladUseSittnNm>주거기타</ladUseSittnNm><tpgrphHgCode>02</tpgrphHgCode><tpgrphHgCodeNm>평지</tpgrphHgCodeNm><tpgrphFrmCode>02</tpgrphFrmCode><tpgrphFrmCodeNm>가로장방</tpgrphFrmCodeNm><roadSideCode>08</roadSideCode><roadSideCodeNm>세로한면(가)</roadSideCodeNm><pblntfPclnd>4101000</pblntfPclnd><lastUpdtDt>2025-01-16</lastUpdtDt></field></fields></response>
[2025-10-01T13:40:16.192Z] [INFO] 변환된 JSON 데이터: {
  "response": {
    "numOfRows": {
      "_text": "10"
    },
    "pageNo": {
      "_text": "1"
    },
    "totalCount": {
      "_text": "2"
    },
    "fields": {
      "field": [
        {
          "pnu": {
            "_text": "1162010200104850005"
          },
          "ldCode": {
            "_text": "1162010200"
          },
          "ldCodeNm": {
            "_text": "서울특별시 관악구 신림동"
          },
          "regstrSeCode": {
            "_text": "1"
          },
          "regstrSeCodeNm": {
            "_text": "일반"
          },
          "mnnmSlno": {
            "_text": "485-5"
          },
          "ladSn": {
            "_text": "26657"
          },
          "stdrYear": {
            "_text": "2024"
          },
          "stdrMt": {
            "_text": "01"
          },
          "lndcgrCode": {
            "_text": "08"
          },
          "lndcgrCodeNm": {
            "_text": "대"
          },
          "lndpclAr": {
            "_text": "182"
          },
          "prposArea1": {
            "_text": "14"
          },
          "prposArea1Nm": {
            "_text": "제2종일반주거지역"
          },
          "prposArea2": {
            "_text": "00"
          },
          "prposArea2Nm": {
            "_text": "지정되지않음"
          },
          "ladUseSittn": {
            "_text": "160"
          },
          "ladUseSittnNm": {
            "_text": "주거기타"
          },
          "tpgrphHgCode": {
            "_text": "02"
          },
          "tpgrphHgCodeNm": {
            "_text": "평지"
          },
          "tpgrphFrmCode": {
            "_text": "02"
          },
          "tpgrphFrmCodeNm": {
            "_text": "가장형"
          },
          "roadSideCode": {
            "_text": "08"
          },
          "roadSideCodeNm": {
            "_text": "세로(가)"
          },
          "pblntfPclnd": {
            "_text": "4101000"
          },
          "lastUpdtDt": {
            "_text": "2024-07-30"
          }
        },
        {
          "pnu": {
            "_text": "1162010200104850005"
          },
          "ldCode": {
            "_text": "1162010200"
          },
          "ldCodeNm": {
            "_text": "서울특별시 관악구 신림동"
          },
          "regstrSeCode": {
            "_text": "1"
          },
          "regstrSeCodeNm": {
            "_text": "일반"
          },
          "mnnmSlno": {
            "_text": "485-5"
          },
          "ladSn": {
            "_text": "26657"
          },
          "stdrYear": {
            "_text": "2024"
          },
          "stdrMt": {
            "_text": "01"
          },
          "lndcgrCode": {
            "_text": "08"
          },
          "lndcgrCodeNm": {
            "_text": "대"
          },
          "lndpclAr": {
            "_text": "182"
          },
          "prposArea1": {
            "_text": "14"
          },
          "prposArea1Nm": {
            "_text": "제2종일반주거지역"
          },
          "prposArea2": {
            "_text": "00"
          },
          "prposArea2Nm": {
            "_text": "지정되지않음"
          },
          "ladUseSittn": {
            "_text": "160"
          },
          "ladUseSittnNm": {
            "_text": "주거기타"
          },
          "tpgrphHgCode": {
            "_text": "02"
          },
          "tpgrphHgCodeNm": {
            "_text": "평지"
          },
          "tpgrphFrmCode": {
            "_text": "02"
          },
          "tpgrphFrmCodeNm": {
            "_text": "가로장방"
          },
          "roadSideCode": {
            "_text": "08"
          },
          "roadSideCodeNm": {
            "_text": "세로한면(가)"
          },
          "pblntfPclnd": {
            "_text": "4101000"
          },
          "lastUpdtDt": {
            "_text": "2025-01-16"
          }
        }
      ]
    }
  }
}
[2025-10-01T13:40:16.192Z] [INFO] 2024년 데이터 발견! (총 2건)
[2025-10-01T13:40:16.192Z] [INFO] VWorld API 응답 데이터 추출 시작
[2025-10-01T13:40:16.192Z] [INFO] 추출된 토지 데이터: {
  "pnu": {
    "_text": "1162010200104850005"
  },
  "ldCode": {
    "_text": "1162010200"
  },
  "ldCodeNm": {
    "_text": "서울특별시 관악구 신림동"
  },
  "regstrSeCode": {
    "_text": "1"
  },
  "regstrSeCodeNm": {
    "_text": "일반"
  },
  "mnnmSlno": {
    "_text": "485-5"
  },
  "ladSn": {
    "_text": "26657"
  },
  "stdrYear": {
    "_text": "2024"
  },
  "stdrMt": {
    "_text": "01"
  },
  "lndcgrCode": {
    "_text": "08"
  },
  "lndcgrCodeNm": {
    "_text": "대"
  },
  "lndpclAr": {
    "_text": "182"
  },
  "prposArea1": {
    "_text": "14"
  },
  "prposArea1Nm": {
    "_text": "제2종일반주거지역"
  },
  "prposArea2": {
    "_text": "00"
  },
  "prposArea2Nm": {
    "_text": "지정되지않음"
  },
  "ladUseSittn": {
    "_text": "160"
  },
  "ladUseSittnNm": {
    "_text": "주거기타"
  },
  "tpgrphHgCode": {
    "_text": "02"
  },
  "tpgrphHgCodeNm": {
    "_text": "평지"
  },
  "tpgrphFrmCode": {
    "_text": "02"
  },
  "tpgrphFrmCodeNm": {
    "_text": "가로장방"
  },
  "roadSideCode": {
    "_text": "08"
  },
  "roadSideCodeNm": {
    "_text": "세로한면(가)"
  },
  "pblntfPclnd": {
    "_text": "4101000"
  },
  "lastUpdtDt": {
    "_text": "2025-01-16"
  }
}
[2025-10-01T13:40:16.192Z] [INFO] _text 속성 제거 후 데이터: {
  "pnu": "1162010200104850005",
  "ldCode": "1162010200",
  "ldCodeNm": "서울특별시 관악구 신림동",
  "regstrSeCode": "1",
  "regstrSeCodeNm": "일반",
  "mnnmSlno": "485-5",
  "ladSn": "26657",
  "stdrYear": "2024",
  "stdrMt": "01",
  "lndcgrCode": "08",
  "lndcgrCodeNm": "대",
  "lndpclAr": "182",
  "prposArea1": "14",
  "prposArea1Nm": "제2종일반주거지역",
  "prposArea2": "00",
  "prposArea2Nm": "지정되지않음",
  "ladUseSittn": "160",
  "ladUseSittnNm": "주거기타",
  "tpgrphHgCode": "02",
  "tpgrphHgCodeNm": "평지",
  "tpgrphFrmCode": "02",
  "tpgrphFrmCodeNm": "가로장방",
  "roadSideCode": "08",
  "roadSideCodeNm": "세로한면(가)",
  "pblntfPclnd": "4101000",
  "lastUpdtDt": "2025-01-16"
}
[2025-10-01T13:40:16.192Z] [INFO] 토지 데이터 가공 시작: {
  "pnu": "1162010200104850005",
  "ldCode": "1162010200",
  "ldCodeNm": "서울특별시 관악구 신림동",
  "regstrSeCode": "1",
  "regstrSeCodeNm": "일반",
  "mnnmSlno": "485-5",
  "ladSn": "26657",
  "stdrYear": "2024",
  "stdrMt": "01",
  "lndcgrCode": "08",
  "lndcgrCodeNm": "대",
  "lndpclAr": "182",
  "prposArea1": "14",
  "prposArea1Nm": "제2종일반주거지역",
  "prposArea2": "00",
  "prposArea2Nm": "지정되지않음",
  "ladUseSittn": "160",
  "ladUseSittnNm": "주거기타",
  "tpgrphHgCode": "02",
  "tpgrphHgCodeNm": "평지",
  "tpgrphFrmCode": "02",
  "tpgrphFrmCodeNm": "가로장방",
  "roadSideCode": "08",
  "roadSideCodeNm": "세로한면(가)",
  "pblntfPclnd": "4101000",
  "lastUpdtDt": "2025-01-16"
}
[2025-10-01T13:40:16.192Z] [INFO] 가공된 토지 데이터: {
  "지번 주소": "관악구 신림동 485-5",
  "토지면적(㎡)": 182,
  "용도지역": "제2종일반주거지역",
  "공시지가(원/㎡)": 4101000,
  "토지정보업데이트": "2025-01-16T00:00:00.000Z"
}
[2025-10-01T13:40:16.192Z] [INFO] 업데이트할 토지 데이터 (레코드 recfpW2F6d4cz2E06): {
  "토지면적(㎡)": 182,
  "공시지가(원/㎡)": 4101000,
  "용도지역": "제2종일반주거지역"
}
[2025-10-01T13:40:16.933Z] [INFO] Updated Airtable land record recfpW2F6d4cz2E06
[2025-10-01T13:40:16.933Z] [INFO] [INFO] ✅ 레코드 성공, 재시도 이력 삭제: recfpW2F6d4cz2E06
[2025-10-01T13:40:16.934Z] [INFO] ✅ 레코드 성공, 재시도 이력 삭제: recfpW2F6d4cz2E06
[2025-10-01T13:40:16.934Z] [INFO] [INFO] ✅ 토지 레코드 처리 성공: recfpW2F6d4cz2E06
[2025-10-01T13:40:16.934Z] [INFO] ✅ 토지 레코드 처리 성공: recfpW2F6d4cz2E06
[2025-10-01T13:40:16.934Z] [INFO] [INFO] 
🎉 토지 작업 완료!
[2025-10-01T13:40:16.934Z] [INFO] 
🎉 토지 작업 완료!
[2025-10-01T13:40:16.934Z] [INFO] [INFO] 📊 처리 결과: 1개 중 1개 성공, 0개 실패, 0개 건너뜀
[2025-10-01T13:40:16.934Z] [INFO] 📊 처리 결과: 1개 중 1개 성공, 0개 실패, 0개 건너뜀
[2025-10-01T13:40:16.934Z] [INFO] [INFO] 📈 성공률: 100.0%
[2025-10-01T13:40:16.934Z] [INFO] 📈 성공률: 100.0%
[2025-10-01T13:41:01.621Z] [INFO] [INFO] 🎯 처리할 레코드 발견, 작업 실행 중...
[2025-10-01T13:41:01.621Z] [INFO] 🎯 처리할 레코드 발견, 작업 실행 중...
[2025-10-01T13:41:01.621Z] [INFO] [INFO] 🚀 건축물 정보 수집 작업 시작...
[2025-10-01T13:41:01.621Z] [INFO] 🚀 건축물 정보 수집 작업 시작...
[2025-10-01T13:41:02.444Z] [INFO] [INFO] 📋 뷰에서 1개 건축물 레코드 발견
[2025-10-01T13:41:02.444Z] [INFO] 📋 뷰에서 1개 건축물 레코드 발견
[2025-10-01T13:41:02.444Z] [INFO] [INFO] 
📍 [1/1] 건축물 레코드 처리 중: recfpW2F6d4cz2E06
[2025-10-01T13:41:02.444Z] [INFO] 
📍 [1/1] 건축물 레코드 처리 중: recfpW2F6d4cz2E06
[2025-10-01T13:41:02.444Z] [INFO] [INFO] 🏗️ 건축물 레코드 처리 시작 (시도 1/5): recfpW2F6d4cz2E06 - 관악구 신림동 485-5
[2025-10-01T13:41:02.444Z] [INFO] 🏗️ 건축물 레코드 처리 시작 (시도 1/5): recfpW2F6d4cz2E06 - 관악구 신림동 485-5
[2025-10-01T13:41:02.444Z] [INFO] 주소 데이터로 건축물 코드 조회 요청: {"시군구":"관악구","법정동":"신림동","번":"0485","지":"0005","id":"recfpW2F6d4cz2E06"}
[2025-10-01T13:41:12.635Z] [INFO] Google 스크립트 API 응답: [{"시군구":"관악구","법정동":"신림동","번":"0485","지":"0005","시군구코드":11620,"법정동코드":10200}]
[2025-10-01T13:41:12.678Z] [ERROR] [ERROR] Error fetching building data from public API: Hostname/IP does not match certificate's altnames: Host: apis.data.go.kr. is not cert's CN: 27.101.208.130
[2025-10-01T13:41:12.678Z] [ERROR] Error fetching building data from public API: Hostname/IP does not match certificate's altnames: Host: apis.data.go.kr. is not cert's CN: 27.101.208.130
[2025-10-01T13:41:12.678Z] [ERROR] [ERROR] ❌ 건축물 API 응답 없음: recfpW2F6d4cz2E06
[2025-10-01T13:41:12.678Z] [ERROR] ❌ 건축물 API 응답 없음: recfpW2F6d4cz2E06
[2025-10-01T13:41:12.678Z] [INFO] [INFO] 재시도 기록: recfpW2F6d4cz2E06 - 시도 1/5
[2025-10-01T13:41:12.678Z] [INFO] 재시도 기록: recfpW2F6d4cz2E06 - 시도 1/5
[2025-10-01T13:41:12.679Z] [INFO] [INFO] 
🎉 건축물 작업 완료!
[2025-10-01T13:41:12.679Z] [INFO] 
🎉 건축물 작업 완료!
[2025-10-01T13:41:12.679Z] [INFO] [INFO] 📊 처리 결과: 1개 중 0개 성공, 1개 실패, 0개 건너뜀
[2025-10-01T13:41:12.679Z] [INFO] 📊 처리 결과: 1개 중 0개 성공, 1개 실패, 0개 건너뜀
[2025-10-01T13:41:12.679Z] [INFO] [INFO] 📈 성공률: 0.0%
[2025-10-01T13:41:12.679Z] [INFO] 📈 성공률: 0.0%
[2025-10-01T13:42:02.008Z] [INFO] [INFO] 🎯 처리할 레코드 발견, 작업 실행 중...
[2025-10-01T13:42:02.008Z] [INFO] 🎯 처리할 레코드 발견, 작업 실행 중...
[2025-10-01T13:42:02.008Z] [INFO] [INFO] 🚀 건축물 정보 수집 작업 시작...
[2025-10-01T13:42:02.008Z] [INFO] 🚀 건축물 정보 수집 작업 시작...
[2025-10-01T13:42:02.690Z] [INFO] [INFO] 📋 뷰에서 1개 건축물 레코드 발견
[2025-10-01T13:42:02.690Z] [INFO] 📋 뷰에서 1개 건축물 레코드 발견
[2025-10-01T13:42:02.690Z] [INFO] [INFO] 
📍 [1/1] 건축물 레코드 처리 중: recfpW2F6d4cz2E06
[2025-10-01T13:42:02.690Z] [INFO] 
📍 [1/1] 건축물 레코드 처리 중: recfpW2F6d4cz2E06
[2025-10-01T13:42:02.691Z] [INFO] [INFO] 🏗️ 건축물 레코드 처리 시작 (시도 2/5): recfpW2F6d4cz2E06 - 관악구 신림동 485-5
[2025-10-01T13:42:02.691Z] [INFO] 🏗️ 건축물 레코드 처리 시작 (시도 2/5): recfpW2F6d4cz2E06 - 관악구 신림동 485-5
[2025-10-01T13:42:02.691Z] [INFO] 주소 데이터로 건축물 코드 조회 요청: {"시군구":"관악구","법정동":"신림동","번":"0485","지":"0005","id":"recfpW2F6d4cz2E06"}
[2025-10-01T13:42:07.042Z] [INFO] Google 스크립트 API 응답: [{"시군구":"관악구","법정동":"신림동","번":"0485","지":"0005","시군구코드":11620,"법정동코드":10200}]
[2025-10-01T13:42:07.178Z] [ERROR] [ERROR] Error fetching building data from public API: Hostname/IP does not match certificate's altnames: Host: apis.data.go.kr. is not cert's CN: 27.101.208.130
[2025-10-01T13:42:07.179Z] [ERROR] Error fetching building data from public API: Hostname/IP does not match certificate's altnames: Host: apis.data.go.kr. is not cert's CN: 27.101.208.130
[2025-10-01T13:42:07.179Z] [ERROR] [ERROR] ❌ 건축물 API 응답 없음: recfpW2F6d4cz2E06
[2025-10-01T13:42:07.179Z] [ERROR] ❌ 건축물 API 응답 없음: recfpW2F6d4cz2E06
[2025-10-01T13:42:07.179Z] [INFO] [INFO] 재시도 기록: recfpW2F6d4cz2E06 - 시도 2/5
[2025-10-01T13:42:07.179Z] [INFO] 재시도 기록: recfpW2F6d4cz2E06 - 시도 2/5
[2025-10-01T13:42:07.179Z] [INFO] [INFO] 
🎉 건축물 작업 완료!
[2025-10-01T13:42:07.179Z] [INFO] 
🎉 건축물 작업 완료!
[2025-10-01T13:42:07.179Z] [INFO] [INFO] 📊 처리 결과: 1개 중 0개 성공, 1개 실패, 0개 건너뜀
[2025-10-01T13:42:07.179Z] [INFO] 📊 처리 결과: 1개 중 0개 성공, 1개 실패, 0개 건너뜀
[2025-10-01T13:42:07.179Z] [INFO] [INFO] 📈 성공률: 0.0%
[2025-10-01T13:42:07.179Z] [INFO] 📈 성공률: 0.0%
[2025-10-01T13:43:01.690Z] [INFO] [INFO] 🎯 처리할 레코드 발견, 작업 실행 중...
[2025-10-01T13:43:01.690Z] [INFO] 🎯 처리할 레코드 발견, 작업 실행 중...
[2025-10-01T13:43:01.691Z] [INFO] [INFO] 🚀 건축물 정보 수집 작업 시작...
[2025-10-01T13:43:01.691Z] [INFO] 🚀 건축물 정보 수집 작업 시작...
[2025-10-01T13:43:02.510Z] [INFO] [INFO] 📋 뷰에서 1개 건축물 레코드 발견
[2025-10-01T13:43:02.510Z] [INFO] 📋 뷰에서 1개 건축물 레코드 발견
[2025-10-01T13:43:02.510Z] [INFO] [INFO] 
📍 [1/1] 건축물 레코드 처리 중: recfpW2F6d4cz2E06
[2025-10-01T13:43:02.510Z] [INFO] 
📍 [1/1] 건축물 레코드 처리 중: recfpW2F6d4cz2E06
[2025-10-01T13:43:02.510Z] [INFO] [INFO] 🏗️ 건축물 레코드 처리 시작 (시도 3/5): recfpW2F6d4cz2E06 - 관악구 신림동 485-5
[2025-10-01T13:43:02.510Z] [INFO] 🏗️ 건축물 레코드 처리 시작 (시도 3/5): recfpW2F6d4cz2E06 - 관악구 신림동 485-5
[2025-10-01T13:43:02.510Z] [INFO] 주소 데이터로 건축물 코드 조회 요청: {"시군구":"관악구","법정동":"신림동","번":"0485","지":"0005","id":"recfpW2F6d4cz2E06"}
[2025-10-01T13:43:08.826Z] [INFO] Google 스크립트 API 응답: [{"시군구":"관악구","법정동":"신림동","번":"0485","지":"0005","시군구코드":11620,"법정동코드":10200}]
[2025-10-01T13:43:09.079Z] [ERROR] [ERROR] Error fetching building data from public API: Hostname/IP does not match certificate's altnames: Host: apis.data.go.kr. is not cert's CN: 27.101.208.130
[2025-10-01T13:43:09.079Z] [ERROR] Error fetching building data from public API: Hostname/IP does not match certificate's altnames: Host: apis.data.go.kr. is not cert's CN: 27.101.208.130
[2025-10-01T13:43:09.080Z] [ERROR] [ERROR] ❌ 건축물 API 응답 없음: recfpW2F6d4cz2E06
[2025-10-01T13:43:09.080Z] [ERROR] ❌ 건축물 API 응답 없음: recfpW2F6d4cz2E06
[2025-10-01T13:43:09.080Z] [INFO] [INFO] 재시도 기록: recfpW2F6d4cz2E06 - 시도 3/5
[2025-10-01T13:43:09.080Z] [INFO] 재시도 기록: recfpW2F6d4cz2E06 - 시도 3/5
[2025-10-01T13:43:09.080Z] [INFO] [INFO] 
🎉 건축물 작업 완료!
[2025-10-01T13:43:09.080Z] [INFO] 
🎉 건축물 작업 완료!
[2025-10-01T13:43:09.080Z] [INFO] [INFO] 📊 처리 결과: 1개 중 0개 성공, 1개 실패, 0개 건너뜀
[2025-10-01T13:43:09.080Z] [INFO] 📊 처리 결과: 1개 중 0개 성공, 1개 실패, 0개 건너뜀
[2025-10-01T13:43:09.080Z] [INFO] [INFO] 📈 성공률: 0.0%
[2025-10-01T13:43:09.080Z] [INFO] 📈 성공률: 0.0%
[2025-10-01T13:44:01.822Z] [INFO] [INFO] 🎯 처리할 레코드 발견, 작업 실행 중...
[2025-10-01T13:44:01.822Z] [INFO] 🎯 처리할 레코드 발견, 작업 실행 중...
[2025-10-01T13:44:01.822Z] [INFO] [INFO] 🚀 건축물 정보 수집 작업 시작...
[2025-10-01T13:44:01.822Z] [INFO] 🚀 건축물 정보 수집 작업 시작...
[2025-10-01T13:44:02.726Z] [INFO] [INFO] 📋 뷰에서 1개 건축물 레코드 발견
[2025-10-01T13:44:02.726Z] [INFO] 📋 뷰에서 1개 건축물 레코드 발견
[2025-10-01T13:44:02.726Z] [INFO] [INFO] 
📍 [1/1] 건축물 레코드 처리 중: recfpW2F6d4cz2E06
[2025-10-01T13:44:02.726Z] [INFO] 
📍 [1/1] 건축물 레코드 처리 중: recfpW2F6d4cz2E06
[2025-10-01T13:44:02.726Z] [INFO] [INFO] 🏗️ 건축물 레코드 처리 시작 (시도 4/5): recfpW2F6d4cz2E06 - 관악구 신림동 485-5
[2025-10-01T13:44:02.727Z] [INFO] 🏗️ 건축물 레코드 처리 시작 (시도 4/5): recfpW2F6d4cz2E06 - 관악구 신림동 485-5
[2025-10-01T13:44:02.727Z] [INFO] 주소 데이터로 건축물 코드 조회 요청: {"시군구":"관악구","법정동":"신림동","번":"0485","지":"0005","id":"recfpW2F6d4cz2E06"}
[2025-10-01T13:44:09.098Z] [INFO] Google 스크립트 API 응답: [{"시군구":"관악구","법정동":"신림동","번":"0485","지":"0005","시군구코드":11620,"법정동코드":10200}]
[2025-10-01T13:44:09.143Z] [ERROR] [ERROR] Error fetching building data from public API: Hostname/IP does not match certificate's altnames: Host: apis.data.go.kr. is not cert's CN: 27.101.208.130
[2025-10-01T13:44:09.143Z] [ERROR] Error fetching building data from public API: Hostname/IP does not match certificate's altnames: Host: apis.data.go.kr. is not cert's CN: 27.101.208.130
[2025-10-01T13:44:09.143Z] [ERROR] [ERROR] ❌ 건축물 API 응답 없음: recfpW2F6d4cz2E06
[2025-10-01T13:44:09.144Z] [ERROR] ❌ 건축물 API 응답 없음: recfpW2F6d4cz2E06
[2025-10-01T13:44:09.144Z] [INFO] [INFO] 재시도 기록: recfpW2F6d4cz2E06 - 시도 4/5
[2025-10-01T13:44:09.144Z] [INFO] 재시도 기록: recfpW2F6d4cz2E06 - 시도 4/5
[2025-10-01T13:44:09.144Z] [INFO] [INFO] 
🎉 건축물 작업 완료!
[2025-10-01T13:44:09.144Z] [INFO] 
🎉 건축물 작업 완료!
[2025-10-01T13:44:09.144Z] [INFO] [INFO] 📊 처리 결과: 1개 중 0개 성공, 1개 실패, 0개 건너뜀
[2025-10-01T13:44:09.144Z] [INFO] 📊 처리 결과: 1개 중 0개 성공, 1개 실패, 0개 건너뜀
[2025-10-01T13:44:09.144Z] [INFO] [INFO] 📈 성공률: 0.0%
[2025-10-01T13:44:09.144Z] [INFO] 📈 성공률: 0.0%
[2025-10-01T13:45:02.053Z] [INFO] [INFO] 🎯 처리할 레코드 발견, 작업 실행 중...
[2025-10-01T13:45:02.053Z] [INFO] 🎯 처리할 레코드 발견, 작업 실행 중...
[2025-10-01T13:45:02.053Z] [INFO] [INFO] 🚀 건축물 정보 수집 작업 시작...
[2025-10-01T13:45:02.053Z] [INFO] 🚀 건축물 정보 수집 작업 시작...
[2025-10-01T13:45:02.928Z] [INFO] [INFO] 📋 뷰에서 1개 건축물 레코드 발견
[2025-10-01T13:45:02.928Z] [INFO] 📋 뷰에서 1개 건축물 레코드 발견
[2025-10-01T13:45:02.929Z] [INFO] [INFO] 
📍 [1/1] 건축물 레코드 처리 중: recfpW2F6d4cz2E06
[2025-10-01T13:45:02.929Z] [INFO] 
📍 [1/1] 건축물 레코드 처리 중: recfpW2F6d4cz2E06
[2025-10-01T13:45:02.929Z] [INFO] [INFO] 🏗️ 건축물 레코드 처리 시작 (시도 5/5): recfpW2F6d4cz2E06 - 관악구 신림동 485-5
[2025-10-01T13:45:02.929Z] [INFO] 🏗️ 건축물 레코드 처리 시작 (시도 5/5): recfpW2F6d4cz2E06 - 관악구 신림동 485-5
[2025-10-01T13:45:02.929Z] [INFO] 주소 데이터로 건축물 코드 조회 요청: {"시군구":"관악구","법정동":"신림동","번":"0485","지":"0005","id":"recfpW2F6d4cz2E06"}
[2025-10-01T13:45:09.966Z] [INFO] Google 스크립트 API 응답: [{"시군구":"관악구","법정동":"신림동","번":"0485","지":"0005","시군구코드":11620,"법정동코드":10200}]
[2025-10-01T13:45:10.016Z] [ERROR] [ERROR] Error fetching building data from public API: Hostname/IP does not match certificate's altnames: Host: apis.data.go.kr. is not cert's CN: 27.101.208.130
[2025-10-01T13:45:10.016Z] [ERROR] Error fetching building data from public API: Hostname/IP does not match certificate's altnames: Host: apis.data.go.kr. is not cert's CN: 27.101.208.130
[2025-10-01T13:45:10.016Z] [ERROR] [ERROR] ❌ 건축물 API 응답 없음: recfpW2F6d4cz2E06
[2025-10-01T13:45:10.016Z] [ERROR] ❌ 건축물 API 응답 없음: recfpW2F6d4cz2E06
[2025-10-01T13:45:10.016Z] [INFO] [WARN] ❌ 레코드 최대 재시도 횟수 도달: recfpW2F6d4cz2E06 (5회)
[2025-10-01T13:45:10.016Z] [WARN] ❌ 레코드 최대 재시도 횟수 도달: recfpW2F6d4cz2E06 (5회)
[2025-10-01T13:45:10.016Z] [INFO] [INFO] 재시도 기록: recfpW2F6d4cz2E06 - 시도 5/5
[2025-10-01T13:45:10.016Z] [INFO] 재시도 기록: recfpW2F6d4cz2E06 - 시도 5/5
[2025-10-01T13:45:13.385Z] [INFO] [INFO] 📧 실패 알림 이메일 발송 완료 (건축물): 1개 레코드
[2025-10-01T13:45:13.385Z] [INFO] 📧 실패 알림 이메일 발송 완료 (건축물): 1개 레코드
[2025-10-01T13:45:13.385Z] [INFO] [INFO] 
🎉 건축물 작업 완료!
[2025-10-01T13:45:13.385Z] [INFO] 
🎉 건축물 작업 완료!
[2025-10-01T13:45:13.385Z] [INFO] [INFO] 📊 처리 결과: 1개 중 0개 성공, 1개 실패, 0개 건너뜀
[2025-10-01T13:45:13.385Z] [INFO] 📊 처리 결과: 1개 중 0개 성공, 1개 실패, 0개 건너뜀
[2025-10-01T13:45:13.385Z] [INFO] [INFO] 📈 성공률: 0.0%
[2025-10-01T13:45:13.386Z] [INFO] 📈 성공률: 0.0%
[2025-10-01T15:00:00.154Z] [INFO] [INFO] 오래된 로그 파일 6개 삭제 완료
[2025-10-01T15:00:00.154Z] [INFO] 오래된 로그 파일 6개 삭제 완료
