[2025-06-28T02:09:02.637Z] [INFO] [INFO] 처리할 레코드 발견, 작업 실행 중...
[2025-06-28T02:09:02.639Z] [INFO] 처리할 레코드 발견, 작업 실행 중...
[2025-06-28T02:09:02.639Z] [INFO] [INFO] Starting all jobs
[2025-06-28T02:09:02.639Z] [INFO] Starting all jobs
[2025-06-28T02:09:02.639Z] [INFO] Starting building information job...
[2025-06-28T02:09:03.254Z] [INFO] Found 1 building records to process
[2025-06-28T02:09:03.256Z] [INFO] 주소 데이터로 건축물 코드 조회 요청: {"시군구":"구로구","법정동":"구로동","번":"0486","지":"0015","id":"recc34T4W6WFak7Mz"}
[2025-06-28T02:09:07.467Z] [INFO] Google 스크립트 API 응답: [{"시군구":"구로구","법정동":"구로동","번":"0486","지":"0015","시군구코드":11530,"법정동코드":10200}]
[2025-06-28T02:09:08.532Z] [INFO] Updated Airtable building record recc34T4W6WFak7Mz
[2025-06-28T02:09:09.533Z] [INFO] Processed 1 building records. 1 successful, 0 failed.
[2025-06-28T02:09:09.533Z] [INFO] [INFO] Building job completed: {"total":1,"success":1}
[2025-06-28T02:09:09.533Z] [INFO] Building job completed: {"total":1,"success":1}
[2025-06-28T02:09:09.533Z] [INFO] Starting land information job...
[2025-06-28T02:09:10.310Z] [INFO] Found 1 land records to process
[2025-06-28T02:09:10.310Z] [INFO] Processing land record recc34T4W6WFak7Mz: 구로구 구로동 486-15
[2025-06-28T02:09:10.310Z] [INFO] 주소 데이터로 건축물 코드 조회 요청: {"시군구":"구로구","법정동":"구로동","번":"0486","지":"0015","id":"recc34T4W6WFak7Mz"}
[2025-06-28T02:09:13.097Z] [INFO] Google 스크립트 API 응답: [{"시군구":"구로구","법정동":"구로동","번":"0486","지":"0015","시군구코드":11530,"법정동코드":10200}]
[2025-06-28T02:09:13.097Z] [INFO] VWorld API로 토지 정보 조회 요청 - PNU: 1153010200104860015
[2025-06-28T02:09:13.098Z] [INFO] VWorld API 요청 (2024년): http://api.vworld.kr/ned/data/getLandCharacteristics?key=F640BE1E-8470-3590-BBD7-85F0A549B400&domain=localhost&pnu=1153010200104860015&stdrYear=2024&format=xml&numOfRows=10&pageNo=1
[2025-06-28T02:09:13.144Z] [INFO] VWorld API XML 응답 (2024년): <response><numOfRows>10</numOfRows><pageNo>1</pageNo><totalCount>1</totalCount><fields><field><pnu>1153010200104860015</pnu><ldCode>1153010200</ldCode><ldCodeNm>서울특별시 구로구 구로동</ldCodeNm><regstrSeCode>1</regstrSeCode><regstrSeCodeNm>일반</regstrSeCodeNm><mnnmSlno>486-15</mnnmSlno><ladSn>7309</ladSn><stdrYear>2024</stdrYear><stdrMt>01</stdrMt><lndcgrCode>08</lndcgrCode><lndcgrCodeNm>대</lndcgrCodeNm><lndpclAr>76</lndpclAr><prposArea1>15</prposArea1><prposArea1Nm>제3종일반주거지역</prposArea1Nm><prposArea2>00</prposArea2><prposArea2Nm>지정되지않음</prposArea2Nm><ladUseSittn>330</ladUseSittn><ladUseSittnNm>주상기타</ladUseSittnNm><tpgrphHgCode>02</tpgrphHgCode><tpgrphHgCodeNm>평지</tpgrphHgCodeNm><tpgrphFrmCode>02</tpgrphFrmCode><tpgrphFrmCodeNm>가로장방</tpgrphFrmCodeNm><roadSideCode>08</roadSideCode><roadSideCodeNm>세로한면(가)</roadSideCodeNm><pblntfPclnd>3870000</pblntfPclnd><lastUpdtDt>2025-01-16</lastUpdtDt></field></fields></response>
[2025-06-28T02:09:13.145Z] [INFO] 변환된 JSON 데이터: {
  "response": {
    "numOfRows": {
      "_text": "10"
    },
    "pageNo": {
      "_text": "1"
    },
    "totalCount": {
      "_text": "1"
    },
    "fields": {
      "field": {
        "pnu": {
          "_text": "1153010200104860015"
        },
        "ldCode": {
          "_text": "1153010200"
        },
        "ldCodeNm": {
          "_text": "서울특별시 구로구 구로동"
        },
        "regstrSeCode": {
          "_text": "1"
        },
        "regstrSeCodeNm": {
          "_text": "일반"
        },
        "mnnmSlno": {
          "_text": "486-15"
        },
        "ladSn": {
          "_text": "7309"
        },
        "stdrYear": {
          "_text": "2024"
        },
        "stdrMt": {
          "_text": "01"
        },
        "lndcgrCode": {
          "_text": "08"
        },
        "lndcgrCodeNm": {
          "_text": "대"
        },
        "lndpclAr": {
          "_text": "76"
        },
        "prposArea1": {
          "_text": "15"
        },
        "prposArea1Nm": {
          "_text": "제3종일반주거지역"
        },
        "prposArea2": {
          "_text": "00"
        },
        "prposArea2Nm": {
          "_text": "지정되지않음"
        },
        "ladUseSittn": {
          "_text": "330"
        },
        "ladUseSittnNm": {
          "_text": "주상기타"
        },
        "tpgrphHgCode": {
          "_text": "02"
        },
        "tpgrphHgCodeNm": {
          "_text": "평지"
        },
        "tpgrphFrmCode": {
          "_text": "02"
        },
        "tpgrphFrmCodeNm": {
          "_text": "가로장방"
        },
        "roadSideCode": {
          "_text": "08"
        },
        "roadSideCodeNm": {
          "_text": "세로한면(가)"
        },
        "pblntfPclnd": {
          "_text": "3870000"
        },
        "lastUpdtDt": {
          "_text": "2025-01-16"
        }
      }
    }
  }
}
[2025-06-28T02:09:13.145Z] [INFO] 2024년 데이터 발견! (총 1건)
[2025-06-28T02:09:13.145Z] [INFO] VWorld API 응답 데이터 추출 시작
[2025-06-28T02:09:13.146Z] [INFO] 추출된 토지 데이터: {
  "pnu": {
    "_text": "1153010200104860015"
  },
  "ldCode": {
    "_text": "1153010200"
  },
  "ldCodeNm": {
    "_text": "서울특별시 구로구 구로동"
  },
  "regstrSeCode": {
    "_text": "1"
  },
  "regstrSeCodeNm": {
    "_text": "일반"
  },
  "mnnmSlno": {
    "_text": "486-15"
  },
  "ladSn": {
    "_text": "7309"
  },
  "stdrYear": {
    "_text": "2024"
  },
  "stdrMt": {
    "_text": "01"
  },
  "lndcgrCode": {
    "_text": "08"
  },
  "lndcgrCodeNm": {
    "_text": "대"
  },
  "lndpclAr": {
    "_text": "76"
  },
  "prposArea1": {
    "_text": "15"
  },
  "prposArea1Nm": {
    "_text": "제3종일반주거지역"
  },
  "prposArea2": {
    "_text": "00"
  },
  "prposArea2Nm": {
    "_text": "지정되지않음"
  },
  "ladUseSittn": {
    "_text": "330"
  },
  "ladUseSittnNm": {
    "_text": "주상기타"
  },
  "tpgrphHgCode": {
    "_text": "02"
  },
  "tpgrphHgCodeNm": {
    "_text": "평지"
  },
  "tpgrphFrmCode": {
    "_text": "02"
  },
  "tpgrphFrmCodeNm": {
    "_text": "가로장방"
  },
  "roadSideCode": {
    "_text": "08"
  },
  "roadSideCodeNm": {
    "_text": "세로한면(가)"
  },
  "pblntfPclnd": {
    "_text": "3870000"
  },
  "lastUpdtDt": {
    "_text": "2025-01-16"
  }
}
[2025-06-28T02:09:13.146Z] [INFO] _text 속성 제거 후 데이터: {
  "pnu": "1153010200104860015",
  "ldCode": "1153010200",
  "ldCodeNm": "서울특별시 구로구 구로동",
  "regstrSeCode": "1",
  "regstrSeCodeNm": "일반",
  "mnnmSlno": "486-15",
  "ladSn": "7309",
  "stdrYear": "2024",
  "stdrMt": "01",
  "lndcgrCode": "08",
  "lndcgrCodeNm": "대",
  "lndpclAr": "76",
  "prposArea1": "15",
  "prposArea1Nm": "제3종일반주거지역",
  "prposArea2": "00",
  "prposArea2Nm": "지정되지않음",
  "ladUseSittn": "330",
  "ladUseSittnNm": "주상기타",
  "tpgrphHgCode": "02",
  "tpgrphHgCodeNm": "평지",
  "tpgrphFrmCode": "02",
  "tpgrphFrmCodeNm": "가로장방",
  "roadSideCode": "08",
  "roadSideCodeNm": "세로한면(가)",
  "pblntfPclnd": "3870000",
  "lastUpdtDt": "2025-01-16"
}
[2025-06-28T02:09:13.146Z] [INFO] 토지 데이터 가공 시작: {
  "pnu": "1153010200104860015",
  "ldCode": "1153010200",
  "ldCodeNm": "서울특별시 구로구 구로동",
  "regstrSeCode": "1",
  "regstrSeCodeNm": "일반",
  "mnnmSlno": "486-15",
  "ladSn": "7309",
  "stdrYear": "2024",
  "stdrMt": "01",
  "lndcgrCode": "08",
  "lndcgrCodeNm": "대",
  "lndpclAr": "76",
  "prposArea1": "15",
  "prposArea1Nm": "제3종일반주거지역",
  "prposArea2": "00",
  "prposArea2Nm": "지정되지않음",
  "ladUseSittn": "330",
  "ladUseSittnNm": "주상기타",
  "tpgrphHgCode": "02",
  "tpgrphHgCodeNm": "평지",
  "tpgrphFrmCode": "02",
  "tpgrphFrmCodeNm": "가로장방",
  "roadSideCode": "08",
  "roadSideCodeNm": "세로한면(가)",
  "pblntfPclnd": "3870000",
  "lastUpdtDt": "2025-01-16"
}
[2025-06-28T02:09:13.147Z] [INFO] 가공된 토지 데이터: {
  "지번 주소": "구로구 구로동 486-15",
  "토지면적(㎡)": 76,
  "용도지역": "제3종일반주거지역",
  "공시지가(원/㎡)": 3870000,
  "토지정보업데이트": "2025-01-16T00:00:00.000Z"
}
[2025-06-28T02:09:13.147Z] [INFO] 업데이트할 토지 데이터 (레코드 recc34T4W6WFak7Mz): {
  "토지면적(㎡)": 76,
  "공시지가(원/㎡)": 3870000,
  "용도지역": "제3종일반주거지역"
}
[2025-06-28T02:09:14.028Z] [INFO] Updated Airtable land record recc34T4W6WFak7Mz
[2025-06-28T02:09:15.029Z] [INFO] Processed 1 land records. 1 successful, 0 failed.
[2025-06-28T02:09:15.029Z] [INFO] [INFO] Land job completed: {"total":1,"success":1}
[2025-06-28T02:09:15.029Z] [INFO] Land job completed: {"total":1,"success":1}
[2025-06-28T02:09:15.029Z] [INFO] [INFO] All jobs completed successfully
[2025-06-28T02:09:15.029Z] [INFO] All jobs completed successfully
