[2025-06-23T05:56:02.352Z] [INFO] [INFO] 처리할 레코드 발견, 작업 실행 중...
[2025-06-23T05:56:02.354Z] [INFO] 처리할 레코드 발견, 작업 실행 중...
[2025-06-23T05:56:02.354Z] [INFO] [INFO] Starting all jobs
[2025-06-23T05:56:02.355Z] [INFO] Starting all jobs
[2025-06-23T05:56:02.355Z] [INFO] Starting building information job...
[2025-06-23T05:56:03.154Z] [INFO] Found 1 building records to process
[2025-06-23T05:56:03.159Z] [INFO] 주소 데이터로 건축물 코드 조회 요청: {"시군구":"관악구","법정동":"신림동","번":"0745","지":"0004","id":"recQySegKnqheR7UZ"}
[2025-06-23T05:56:07.305Z] [INFO] Google 스크립트 API 응답: [{"시군구":"관악구","법정동":"신림동","번":"0745","지":"0004","시군구코드":11620,"법정동코드":10200}]
[2025-06-23T05:56:08.431Z] [INFO] Updated Airtable building record recQySegKnqheR7UZ
[2025-06-23T05:56:09.431Z] [INFO] Processed 1 building records. 1 successful, 0 failed.
[2025-06-23T05:56:09.431Z] [INFO] [INFO] Building job completed: {"total":1,"success":1}
[2025-06-23T05:56:09.432Z] [INFO] Building job completed: {"total":1,"success":1}
[2025-06-23T05:56:09.432Z] [INFO] Starting land information job...
[2025-06-23T05:56:10.272Z] [INFO] Found 1 land records to process
[2025-06-23T05:56:10.274Z] [INFO] Processing land record recQySegKnqheR7UZ: 관악구 신림동 745-4
[2025-06-23T05:56:10.275Z] [INFO] 주소 데이터로 건축물 코드 조회 요청: {"시군구":"관악구","법정동":"신림동","번":"0745","지":"0004","id":"recQySegKnqheR7UZ"}
[2025-06-23T05:56:13.129Z] [INFO] Google 스크립트 API 응답: [{"시군구":"관악구","법정동":"신림동","번":"0745","지":"0004","시군구코드":11620,"법정동코드":10200}]
[2025-06-23T05:56:13.129Z] [INFO] VWorld API로 토지 정보 조회 요청 - PNU: 1162010200107450004
[2025-06-23T05:56:13.132Z] [INFO] VWorld API 요청 (2024년): http://api.vworld.kr/ned/data/getLandCharacteristics?key=F640BE1E-8470-3590-BBD7-85F0A549B400&domain=localhost&pnu=1162010200107450004&stdrYear=2024&format=xml&numOfRows=10&pageNo=1
[2025-06-23T05:56:13.169Z] [INFO] VWorld API XML 응답 (2024년): <response><numOfRows>10</numOfRows><pageNo>1</pageNo><totalCount>1</totalCount><fields><field><pnu>1162010200107450004</pnu><ldCode>1162010200</ldCode><ldCodeNm>서울특별시 관악구 신림동</ldCodeNm><regstrSeCode>1</regstrSeCode><regstrSeCodeNm>일반</regstrSeCodeNm><mnnmSlno>745-4</mnnmSlno><ladSn>33820</ladSn><stdrYear>2024</stdrYear><stdrMt>01</stdrMt><lndcgrCode>08</lndcgrCode><lndcgrCodeNm>대</lndcgrCodeNm><lndpclAr>251</lndpclAr><prposArea1>14</prposArea1><prposArea1Nm>제2종일반주거지역</prposArea1Nm><prposArea2>00</prposArea2><prposArea2Nm>지정되지않음</prposArea2Nm><ladUseSittn>310</ladUseSittn><ladUseSittnNm>주상용</ladUseSittnNm><tpgrphHgCode>02</tpgrphHgCode><tpgrphHgCodeNm>평지</tpgrphHgCodeNm><tpgrphFrmCode>03</tpgrphFrmCode><tpgrphFrmCodeNm>세로장방</tpgrphFrmCodeNm><roadSideCode>07</roadSideCode><roadSideCodeNm>소로각지</roadSideCodeNm><pblntfPclnd>4687000</pblntfPclnd><lastUpdtDt>2025-01-16</lastUpdtDt></field></fields></response>
[2025-06-23T05:56:13.174Z] [INFO] 변환된 JSON 데이터: {
  "response": {
    "numOfRows": {
      "_text": "10"
    },
    "pageNo": {
      "_text": "1"
    },
    "totalCount": {
      "_text": "1"
    },
    "fields": {
      "field": {
        "pnu": {
          "_text": "1162010200107450004"
        },
        "ldCode": {
          "_text": "1162010200"
        },
        "ldCodeNm": {
          "_text": "서울특별시 관악구 신림동"
        },
        "regstrSeCode": {
          "_text": "1"
        },
        "regstrSeCodeNm": {
          "_text": "일반"
        },
        "mnnmSlno": {
          "_text": "745-4"
        },
        "ladSn": {
          "_text": "33820"
        },
        "stdrYear": {
          "_text": "2024"
        },
        "stdrMt": {
          "_text": "01"
        },
        "lndcgrCode": {
          "_text": "08"
        },
        "lndcgrCodeNm": {
          "_text": "대"
        },
        "lndpclAr": {
          "_text": "251"
        },
        "prposArea1": {
          "_text": "14"
        },
        "prposArea1Nm": {
          "_text": "제2종일반주거지역"
        },
        "prposArea2": {
          "_text": "00"
        },
        "prposArea2Nm": {
          "_text": "지정되지않음"
        },
        "ladUseSittn": {
          "_text": "310"
        },
        "ladUseSittnNm": {
          "_text": "주상용"
        },
        "tpgrphHgCode": {
          "_text": "02"
        },
        "tpgrphHgCodeNm": {
          "_text": "평지"
        },
        "tpgrphFrmCode": {
          "_text": "03"
        },
        "tpgrphFrmCodeNm": {
          "_text": "세로장방"
        },
        "roadSideCode": {
          "_text": "07"
        },
        "roadSideCodeNm": {
          "_text": "소로각지"
        },
        "pblntfPclnd": {
          "_text": "4687000"
        },
        "lastUpdtDt": {
          "_text": "2025-01-16"
        }
      }
    }
  }
}
[2025-06-23T05:56:13.174Z] [INFO] 2024년 데이터 발견! (총 1건)
[2025-06-23T05:56:13.174Z] [INFO] VWorld API 응답 데이터 추출 시작
[2025-06-23T05:56:13.175Z] [INFO] 추출된 토지 데이터: {
  "pnu": {
    "_text": "1162010200107450004"
  },
  "ldCode": {
    "_text": "1162010200"
  },
  "ldCodeNm": {
    "_text": "서울특별시 관악구 신림동"
  },
  "regstrSeCode": {
    "_text": "1"
  },
  "regstrSeCodeNm": {
    "_text": "일반"
  },
  "mnnmSlno": {
    "_text": "745-4"
  },
  "ladSn": {
    "_text": "33820"
  },
  "stdrYear": {
    "_text": "2024"
  },
  "stdrMt": {
    "_text": "01"
  },
  "lndcgrCode": {
    "_text": "08"
  },
  "lndcgrCodeNm": {
    "_text": "대"
  },
  "lndpclAr": {
    "_text": "251"
  },
  "prposArea1": {
    "_text": "14"
  },
  "prposArea1Nm": {
    "_text": "제2종일반주거지역"
  },
  "prposArea2": {
    "_text": "00"
  },
  "prposArea2Nm": {
    "_text": "지정되지않음"
  },
  "ladUseSittn": {
    "_text": "310"
  },
  "ladUseSittnNm": {
    "_text": "주상용"
  },
  "tpgrphHgCode": {
    "_text": "02"
  },
  "tpgrphHgCodeNm": {
    "_text": "평지"
  },
  "tpgrphFrmCode": {
    "_text": "03"
  },
  "tpgrphFrmCodeNm": {
    "_text": "세로장방"
  },
  "roadSideCode": {
    "_text": "07"
  },
  "roadSideCodeNm": {
    "_text": "소로각지"
  },
  "pblntfPclnd": {
    "_text": "4687000"
  },
  "lastUpdtDt": {
    "_text": "2025-01-16"
  }
}
[2025-06-23T05:56:13.176Z] [INFO] _text 속성 제거 후 데이터: {
  "pnu": "1162010200107450004",
  "ldCode": "1162010200",
  "ldCodeNm": "서울특별시 관악구 신림동",
  "regstrSeCode": "1",
  "regstrSeCodeNm": "일반",
  "mnnmSlno": "745-4",
  "ladSn": "33820",
  "stdrYear": "2024",
  "stdrMt": "01",
  "lndcgrCode": "08",
  "lndcgrCodeNm": "대",
  "lndpclAr": "251",
  "prposArea1": "14",
  "prposArea1Nm": "제2종일반주거지역",
  "prposArea2": "00",
  "prposArea2Nm": "지정되지않음",
  "ladUseSittn": "310",
  "ladUseSittnNm": "주상용",
  "tpgrphHgCode": "02",
  "tpgrphHgCodeNm": "평지",
  "tpgrphFrmCode": "03",
  "tpgrphFrmCodeNm": "세로장방",
  "roadSideCode": "07",
  "roadSideCodeNm": "소로각지",
  "pblntfPclnd": "4687000",
  "lastUpdtDt": "2025-01-16"
}
[2025-06-23T05:56:13.176Z] [INFO] 토지 데이터 가공 시작: {
  "pnu": "1162010200107450004",
  "ldCode": "1162010200",
  "ldCodeNm": "서울특별시 관악구 신림동",
  "regstrSeCode": "1",
  "regstrSeCodeNm": "일반",
  "mnnmSlno": "745-4",
  "ladSn": "33820",
  "stdrYear": "2024",
  "stdrMt": "01",
  "lndcgrCode": "08",
  "lndcgrCodeNm": "대",
  "lndpclAr": "251",
  "prposArea1": "14",
  "prposArea1Nm": "제2종일반주거지역",
  "prposArea2": "00",
  "prposArea2Nm": "지정되지않음",
  "ladUseSittn": "310",
  "ladUseSittnNm": "주상용",
  "tpgrphHgCode": "02",
  "tpgrphHgCodeNm": "평지",
  "tpgrphFrmCode": "03",
  "tpgrphFrmCodeNm": "세로장방",
  "roadSideCode": "07",
  "roadSideCodeNm": "소로각지",
  "pblntfPclnd": "4687000",
  "lastUpdtDt": "2025-01-16"
}
[2025-06-23T05:56:13.177Z] [INFO] 가공된 토지 데이터: {
  "지번 주소": "관악구 신림동 745-4",
  "토지면적(㎡)": 251,
  "용도지역": "제2종일반주거지역",
  "공시지가(원/㎡)": 4687000,
  "토지정보업데이트": "2025-01-16T00:00:00.000Z"
}
[2025-06-23T05:56:13.177Z] [INFO] 업데이트할 토지 데이터 (레코드 recQySegKnqheR7UZ): {
  "토지면적(㎡)": 251,
  "공시지가(원/㎡)": 4687000,
  "용도지역": "제2종일반주거지역"
}
[2025-06-23T05:56:14.072Z] [INFO] Updated Airtable land record recQySegKnqheR7UZ
[2025-06-23T05:56:15.072Z] [INFO] Processed 1 land records. 1 successful, 0 failed.
[2025-06-23T05:56:15.073Z] [INFO] [INFO] Land job completed: {"total":1,"success":1}
[2025-06-23T05:56:15.073Z] [INFO] Land job completed: {"total":1,"success":1}
[2025-06-23T05:56:15.073Z] [INFO] [INFO] All jobs completed successfully
[2025-06-23T05:56:15.073Z] [INFO] All jobs completed successfully
[2025-06-23T15:00:00.446Z] [INFO] [INFO] 오래된 로그 파일 1개 삭제 완료
[2025-06-23T15:00:00.447Z] [INFO] 오래된 로그 파일 1개 삭제 완료
